{"C:\\Users\\phamt\\Documents\\bando\\src\\app.js": {"path":"C:\\Users\\phamt\\Documents\\bando\\src\\app.js","statementMap":{"0":{"start":{"line":1,"column":0},"end":{"line":1,"column":27}},"1":{"start":{"line":2,"column":16},"end":{"line":2,"column":34}},"2":{"start":{"line":3,"column":13},"end":{"line":3,"column":28}},"3":{"start":{"line":4,"column":19},"end":{"line":4,"column":50}},"4":{"start":{"line":5,"column":19},"end":{"line":5,"column":50}},"5":{"start":{"line":6,"column":23},"end":{"line":6,"column":58}},"6":{"start":{"line":7,"column":23},"end":{"line":7,"column":58}},"7":{"start":{"line":9,"column":12},"end":{"line":9,"column":21}},"8":{"start":{"line":11,"column":0},"end":{"line":11,"column":16}},"9":{"start":{"line":12,"column":0},"end":{"line":12,"column":24}},"10":{"start":{"line":14,"column":0},"end":{"line":14,"column":29}},"11":{"start":{"line":15,"column":0},"end":{"line":15,"column":30}},"12":{"start":{"line":16,"column":0},"end":{"line":16,"column":39}},"13":{"start":{"line":17,"column":0},"end":{"line":17,"column":38}},"14":{"start":{"line":19,"column":0},"end":{"line":22,"column":3}},"15":{"start":{"line":20,"column":2},"end":{"line":20,"column":27}},"16":{"start":{"line":21,"column":2},"end":{"line":21,"column":61}},"17":{"start":{"line":24,"column":0},"end":{"line":24,"column":21}}},"fnMap":{"0":{"name":"(anonymous_0)","decl":{"start":{"line":19,"column":8},"end":{"line":19,"column":9}},"loc":{"start":{"line":19,"column":33},"end":{"line":22,"column":1}},"line":19}},"branchMap":{},"s":{"0":1,"1":1,"2":1,"3":1,"4":1,"5":1,"6":1,"7":1,"8":1,"9":1,"10":1,"11":1,"12":1,"13":1,"14":1,"15":0,"16":0,"17":1},"f":{"0":0},"b":{},"_coverageSchema":"1a1c01bbd47fc00a2c39e90264f33305004495a9","hash":"1d7eca6417a0958c304534db40550a1834b6c9cf"}
,"C:\\Users\\phamt\\Documents\\bando\\src\\config\\jwt.js": {"path":"C:\\Users\\phamt\\Documents\\bando\\src\\config\\jwt.js","statementMap":{"0":{"start":{"line":1,"column":0},"end":{"line":4,"column":2}}},"fnMap":{},"branchMap":{"0":{"loc":{"start":{"line":2,"column":10},"end":{"line":2,"column":54}},"type":"binary-expr","locations":[{"start":{"line":2,"column":10},"end":{"line":2,"column":32}},{"start":{"line":2,"column":36},"end":{"line":2,"column":54}}],"line":2}},"s":{"0":3},"f":{},"b":{"0":[3,3]},"_coverageSchema":"1a1c01bbd47fc00a2c39e90264f33305004495a9","hash":"7dd3b8ecfcde8d153820c75df8182b5755352d3b"}
,"C:\\Users\\phamt\\Documents\\bando\\src\\controllers\\auth.controller.js": {"path":"C:\\Users\\phamt\\Documents\\bando\\src\\controllers\\auth.controller.js","statementMap":{"0":{"start":{"line":1,"column":20},"end":{"line":1,"column":55}},"1":{"start":{"line":3,"column":0},"end":{"line":11,"column":2}},"2":{"start":{"line":4,"column":2},"end":{"line":10,"column":3}},"3":{"start":{"line":5,"column":32},"end":{"line":5,"column":40}},"4":{"start":{"line":6,"column":17},"end":{"line":6,"column":60}},"5":{"start":{"line":7,"column":4},"end":{"line":7,"column":31}},"6":{"start":{"line":9,"column":4},"end":{"line":9,"column":53}},"7":{"start":{"line":13,"column":0},"end":{"line":21,"column":2}},"8":{"start":{"line":14,"column":2},"end":{"line":20,"column":3}},"9":{"start":{"line":15,"column":32},"end":{"line":15,"column":40}},"10":{"start":{"line":16,"column":19},"end":{"line":16,"column":59}},"11":{"start":{"line":17,"column":4},"end":{"line":17,"column":21}},"12":{"start":{"line":19,"column":4},"end":{"line":19,"column":53}}},"fnMap":{"0":{"name":"(anonymous_0)","decl":{"start":{"line":3,"column":19},"end":{"line":3,"column":20}},"loc":{"start":{"line":3,"column":39},"end":{"line":11,"column":1}},"line":3},"1":{"name":"(anonymous_1)","decl":{"start":{"line":13,"column":16},"end":{"line":13,"column":17}},"loc":{"start":{"line":13,"column":36},"end":{"line":21,"column":1}},"line":13}},"branchMap":{},"s":{"0":1,"1":1,"2":1,"3":1,"4":1,"5":1,"6":0,"7":1,"8":0,"9":0,"10":0,"11":0,"12":0},"f":{"0":1,"1":0},"b":{},"_coverageSchema":"1a1c01bbd47fc00a2c39e90264f33305004495a9","hash":"b98dacda52fe243f15668d1b3925142c7b518482"}
,"C:\\Users\\phamt\\Documents\\bando\\src\\controllers\\favorite.controller.js": {"path":"C:\\Users\\phamt\\Documents\\bando\\src\\controllers\\favorite.controller.js","statementMap":{"0":{"start":{"line":1,"column":24},"end":{"line":1,"column":63}},"1":{"start":{"line":3,"column":0},"end":{"line":10,"column":2}},"2":{"start":{"line":4,"column":2},"end":{"line":9,"column":3}},"3":{"start":{"line":5,"column":21},"end":{"line":5,"column":81}},"4":{"start":{"line":6,"column":4},"end":{"line":6,"column":35}},"5":{"start":{"line":8,"column":4},"end":{"line":8,"column":53}},"6":{"start":{"line":12,"column":0},"end":{"line":19,"column":2}},"7":{"start":{"line":13,"column":2},"end":{"line":18,"column":3}},"8":{"start":{"line":14,"column":4},"end":{"line":14,"column":68}},"9":{"start":{"line":15,"column":4},"end":{"line":15,"column":52}},"10":{"start":{"line":17,"column":4},"end":{"line":17,"column":53}},"11":{"start":{"line":21,"column":0},"end":{"line":28,"column":2}},"12":{"start":{"line":22,"column":2},"end":{"line":27,"column":3}},"13":{"start":{"line":23,"column":22},"end":{"line":23,"column":60}},"14":{"start":{"line":24,"column":4},"end":{"line":24,"column":24}},"15":{"start":{"line":26,"column":4},"end":{"line":26,"column":53}}},"fnMap":{"0":{"name":"(anonymous_0)","decl":{"start":{"line":3,"column":14},"end":{"line":3,"column":15}},"loc":{"start":{"line":3,"column":34},"end":{"line":10,"column":1}},"line":3},"1":{"name":"(anonymous_1)","decl":{"start":{"line":12,"column":17},"end":{"line":12,"column":18}},"loc":{"start":{"line":12,"column":37},"end":{"line":19,"column":1}},"line":12},"2":{"name":"(anonymous_2)","decl":{"start":{"line":21,"column":15},"end":{"line":21,"column":16}},"loc":{"start":{"line":21,"column":35},"end":{"line":28,"column":1}},"line":21}},"branchMap":{},"s":{"0":1,"1":1,"2":1,"3":1,"4":1,"5":0,"6":1,"7":0,"8":0,"9":0,"10":0,"11":1,"12":1,"13":1,"14":1,"15":0},"f":{"0":1,"1":0,"2":1},"b":{},"_coverageSchema":"1a1c01bbd47fc00a2c39e90264f33305004495a9","hash":"128b8f51da6cd89edc240f7007ee468e61520373"}
,"C:\\Users\\phamt\\Documents\\bando\\src\\controllers\\property.controller.js": {"path":"C:\\Users\\phamt\\Documents\\bando\\src\\controllers\\property.controller.js","statementMap":{"0":{"start":{"line":1,"column":24},"end":{"line":1,"column":63}},"1":{"start":{"line":3,"column":0},"end":{"line":10,"column":2}},"2":{"start":{"line":4,"column":2},"end":{"line":9,"column":3}},"3":{"start":{"line":5,"column":19},"end":{"line":5,"column":83}},"4":{"start":{"line":6,"column":4},"end":{"line":6,"column":33}},"5":{"start":{"line":8,"column":4},"end":{"line":8,"column":53}},"6":{"start":{"line":12,"column":0},"end":{"line":19,"column":2}},"7":{"start":{"line":13,"column":2},"end":{"line":18,"column":3}},"8":{"start":{"line":14,"column":23},"end":{"line":14,"column":60}},"9":{"start":{"line":15,"column":4},"end":{"line":15,"column":25}},"10":{"start":{"line":17,"column":4},"end":{"line":17,"column":53}},"11":{"start":{"line":21,"column":0},"end":{"line":28,"column":2}},"12":{"start":{"line":22,"column":2},"end":{"line":27,"column":3}},"13":{"start":{"line":23,"column":23},"end":{"line":23,"column":66}},"14":{"start":{"line":24,"column":4},"end":{"line":24,"column":25}},"15":{"start":{"line":26,"column":4},"end":{"line":26,"column":53}},"16":{"start":{"line":30,"column":0},"end":{"line":37,"column":2}},"17":{"start":{"line":31,"column":2},"end":{"line":36,"column":3}},"18":{"start":{"line":32,"column":23},"end":{"line":32,"column":58}},"19":{"start":{"line":33,"column":4},"end":{"line":33,"column":25}},"20":{"start":{"line":35,"column":4},"end":{"line":35,"column":53}},"21":{"start":{"line":39,"column":0},"end":{"line":47,"column":2}},"22":{"start":{"line":40,"column":2},"end":{"line":46,"column":3}},"23":{"start":{"line":41,"column":21},"end":{"line":41,"column":65}},"24":{"start":{"line":42,"column":4},"end":{"line":42,"column":82}},"25":{"start":{"line":42,"column":19},"end":{"line":42,"column":82}},"26":{"start":{"line":43,"column":4},"end":{"line":43,"column":23}},"27":{"start":{"line":45,"column":4},"end":{"line":45,"column":53}},"28":{"start":{"line":49,"column":0},"end":{"line":56,"column":2}},"29":{"start":{"line":50,"column":2},"end":{"line":55,"column":3}},"30":{"start":{"line":51,"column":19},"end":{"line":51,"column":98}},"31":{"start":{"line":52,"column":4},"end":{"line":52,"column":21}},"32":{"start":{"line":54,"column":4},"end":{"line":54,"column":53}},"33":{"start":{"line":58,"column":0},"end":{"line":65,"column":2}},"34":{"start":{"line":59,"column":2},"end":{"line":64,"column":3}},"35":{"start":{"line":60,"column":4},"end":{"line":60,"column":74}},"36":{"start":{"line":61,"column":4},"end":{"line":61,"column":46}},"37":{"start":{"line":63,"column":4},"end":{"line":63,"column":53}},"38":{"start":{"line":67,"column":0},"end":{"line":74,"column":2}},"39":{"start":{"line":68,"column":2},"end":{"line":73,"column":3}},"40":{"start":{"line":69,"column":19},"end":{"line":69,"column":63}},"41":{"start":{"line":70,"column":4},"end":{"line":70,"column":21}},"42":{"start":{"line":72,"column":4},"end":{"line":72,"column":53}},"43":{"start":{"line":76,"column":0},"end":{"line":84,"column":2}},"44":{"start":{"line":77,"column":2},"end":{"line":83,"column":3}},"45":{"start":{"line":78,"column":29},"end":{"line":78,"column":37}},"46":{"start":{"line":79,"column":19},"end":{"line":79,"column":76}},"47":{"start":{"line":80,"column":4},"end":{"line":80,"column":21}},"48":{"start":{"line":82,"column":4},"end":{"line":82,"column":53}},"49":{"start":{"line":86,"column":0},"end":{"line":94,"column":2}},"50":{"start":{"line":87,"column":2},"end":{"line":93,"column":3}},"51":{"start":{"line":88,"column":33},"end":{"line":88,"column":42}},"52":{"start":{"line":89,"column":23},"end":{"line":89,"column":69}},"53":{"start":{"line":90,"column":4},"end":{"line":90,"column":25}},"54":{"start":{"line":92,"column":4},"end":{"line":92,"column":53}}},"fnMap":{"0":{"name":"(anonymous_0)","decl":{"start":{"line":3,"column":17},"end":{"line":3,"column":18}},"loc":{"start":{"line":3,"column":37},"end":{"line":10,"column":1}},"line":3},"1":{"name":"(anonymous_1)","decl":{"start":{"line":12,"column":24},"end":{"line":12,"column":25}},"loc":{"start":{"line":12,"column":44},"end":{"line":19,"column":1}},"line":12},"2":{"name":"(anonymous_2)","decl":{"start":{"line":21,"column":26},"end":{"line":21,"column":27}},"loc":{"start":{"line":21,"column":46},"end":{"line":28,"column":1}},"line":21},"3":{"name":"(anonymous_3)","decl":{"start":{"line":30,"column":29},"end":{"line":30,"column":30}},"loc":{"start":{"line":30,"column":49},"end":{"line":37,"column":1}},"line":30},"4":{"name":"(anonymous_4)","decl":{"start":{"line":39,"column":18},"end":{"line":39,"column":19}},"loc":{"start":{"line":39,"column":38},"end":{"line":47,"column":1}},"line":39},"5":{"name":"(anonymous_5)","decl":{"start":{"line":49,"column":17},"end":{"line":49,"column":18}},"loc":{"start":{"line":49,"column":37},"end":{"line":56,"column":1}},"line":49},"6":{"name":"(anonymous_6)","decl":{"start":{"line":58,"column":17},"end":{"line":58,"column":18}},"loc":{"start":{"line":58,"column":37},"end":{"line":65,"column":1}},"line":58},"7":{"name":"(anonymous_7)","decl":{"start":{"line":67,"column":18},"end":{"line":67,"column":19}},"loc":{"start":{"line":67,"column":38},"end":{"line":74,"column":1}},"line":67},"8":{"name":"(anonymous_8)","decl":{"start":{"line":76,"column":17},"end":{"line":76,"column":18}},"loc":{"start":{"line":76,"column":37},"end":{"line":84,"column":1}},"line":76},"9":{"name":"(anonymous_9)","decl":{"start":{"line":86,"column":17},"end":{"line":86,"column":18}},"loc":{"start":{"line":86,"column":37},"end":{"line":94,"column":1}},"line":86}},"branchMap":{"0":{"loc":{"start":{"line":42,"column":4},"end":{"line":42,"column":82}},"type":"if","locations":[{"start":{"line":42,"column":4},"end":{"line":42,"column":82}},{"start":{},"end":{}}],"line":42}},"s":{"0":1,"1":1,"2":1,"3":1,"4":1,"5":0,"6":1,"7":1,"8":1,"9":1,"10":0,"11":1,"12":0,"13":0,"14":0,"15":0,"16":1,"17":0,"18":0,"19":0,"20":0,"21":1,"22":0,"23":0,"24":0,"25":0,"26":0,"27":0,"28":1,"29":0,"30":0,"31":0,"32":0,"33":1,"34":0,"35":0,"36":0,"37":0,"38":1,"39":1,"40":1,"41":1,"42":0,"43":1,"44":0,"45":0,"46":0,"47":0,"48":0,"49":1,"50":1,"51":1,"52":1,"53":1,"54":0},"f":{"0":1,"1":1,"2":0,"3":0,"4":0,"5":0,"6":0,"7":1,"8":0,"9":1},"b":{"0":[0,0]},"_coverageSchema":"1a1c01bbd47fc00a2c39e90264f33305004495a9","hash":"1f985c30b496d114d17e03458031398aaa9a3bfc"}
,"C:\\Users\\phamt\\Documents\\bando\\src\\controllers\\user.controller.js": {"path":"C:\\Users\\phamt\\Documents\\bando\\src\\controllers\\user.controller.js","statementMap":{"0":{"start":{"line":1,"column":20},"end":{"line":1,"column":55}},"1":{"start":{"line":3,"column":0},"end":{"line":10,"column":2}},"2":{"start":{"line":4,"column":2},"end":{"line":9,"column":3}},"3":{"start":{"line":5,"column":17},"end":{"line":5,"column":57}},"4":{"start":{"line":6,"column":4},"end":{"line":6,"column":19}},"5":{"start":{"line":8,"column":4},"end":{"line":8,"column":53}}},"fnMap":{"0":{"name":"(anonymous_0)","decl":{"start":{"line":3,"column":13},"end":{"line":3,"column":14}},"loc":{"start":{"line":3,"column":33},"end":{"line":10,"column":1}},"line":3}},"branchMap":{},"s":{"0":1,"1":1,"2":0,"3":0,"4":0,"5":0},"f":{"0":0},"b":{},"_coverageSchema":"1a1c01bbd47fc00a2c39e90264f33305004495a9","hash":"2442401e7b1898db3019514dceb69a739f5df2b9"}
,"C:\\Users\\phamt\\Documents\\bando\\src\\middleware\\auth.js": {"path":"C:\\Users\\phamt\\Documents\\bando\\src\\middleware\\auth.js","statementMap":{"0":{"start":{"line":1,"column":12},"end":{"line":1,"column":35}},"1":{"start":{"line":2,"column":19},"end":{"line":2,"column":43}},"2":{"start":{"line":4,"column":0},"end":{"line":16,"column":2}},"3":{"start":{"line":5,"column":16},"end":{"line":5,"column":56}},"4":{"start":{"line":6,"column":2},"end":{"line":6,"column":76}},"5":{"start":{"line":6,"column":14},"end":{"line":6,"column":76}},"6":{"start":{"line":8,"column":2},"end":{"line":15,"column":3}},"7":{"start":{"line":9,"column":20},"end":{"line":9,"column":45}},"8":{"start":{"line":10,"column":4},"end":{"line":10,"column":28}},"9":{"start":{"line":11,"column":4},"end":{"line":11,"column":32}},"10":{"start":{"line":12,"column":4},"end":{"line":12,"column":11}},"11":{"start":{"line":14,"column":4},"end":{"line":14,"column":55}}},"fnMap":{"0":{"name":"(anonymous_0)","decl":{"start":{"line":4,"column":17},"end":{"line":4,"column":18}},"loc":{"start":{"line":4,"column":37},"end":{"line":16,"column":1}},"line":4}},"branchMap":{"0":{"loc":{"start":{"line":6,"column":2},"end":{"line":6,"column":76}},"type":"if","locations":[{"start":{"line":6,"column":2},"end":{"line":6,"column":76}},{"start":{},"end":{}}],"line":6}},"s":{"0":2,"1":2,"2":2,"3":6,"4":6,"5":1,"6":5,"7":5,"8":5,"9":5,"10":5,"11":0},"f":{"0":6},"b":{"0":[1,5]},"_coverageSchema":"1a1c01bbd47fc00a2c39e90264f33305004495a9","hash":"5d54dfa4a356a92ae670f08b203f6d6423aaa5ca"}
,"C:\\Users\\phamt\\Documents\\bando\\src\\middleware\\role.js": {"path":"C:\\Users\\phamt\\Documents\\bando\\src\\middleware\\role.js","statementMap":{"0":{"start":{"line":1,"column":0},"end":{"line":8,"column":2}},"1":{"start":{"line":2,"column":2},"end":{"line":7,"column":4}},"2":{"start":{"line":3,"column":4},"end":{"line":5,"column":5}},"3":{"start":{"line":4,"column":6},"end":{"line":4,"column":60}},"4":{"start":{"line":6,"column":4},"end":{"line":6,"column":11}}},"fnMap":{"0":{"name":"(anonymous_0)","decl":{"start":{"line":1,"column":17},"end":{"line":1,"column":18}},"loc":{"start":{"line":1,"column":28},"end":{"line":8,"column":1}},"line":1},"1":{"name":"(anonymous_1)","decl":{"start":{"line":2,"column":9},"end":{"line":2,"column":10}},"loc":{"start":{"line":2,"column":29},"end":{"line":7,"column":3}},"line":2}},"branchMap":{"0":{"loc":{"start":{"line":3,"column":4},"end":{"line":5,"column":5}},"type":"if","locations":[{"start":{"line":3,"column":4},"end":{"line":5,"column":5}},{"start":{},"end":{}}],"line":3}},"s":{"0":2,"1":5,"2":3,"3":1,"4":2},"f":{"0":5,"1":3},"b":{"0":[1,2]},"_coverageSchema":"1a1c01bbd47fc00a2c39e90264f33305004495a9","hash":"f818d84ee21d6cdd4a42e887028d47831daf5caa"}
,"C:\\Users\\phamt\\Documents\\bando\\src\\routes\\auth.routes.js": {"path":"C:\\Users\\phamt\\Documents\\bando\\src\\routes\\auth.routes.js","statementMap":{"0":{"start":{"line":1,"column":16},"end":{"line":1,"column":34}},"1":{"start":{"line":2,"column":15},"end":{"line":2,"column":31}},"2":{"start":{"line":3,"column":23},"end":{"line":3,"column":64}},"3":{"start":{"line":5,"column":0},"end":{"line":5,"column":50}},"4":{"start":{"line":6,"column":0},"end":{"line":6,"column":44}},"5":{"start":{"line":8,"column":0},"end":{"line":8,"column":24}}},"fnMap":{},"branchMap":{},"s":{"0":1,"1":1,"2":1,"3":1,"4":1,"5":1},"f":{},"b":{},"_coverageSchema":"1a1c01bbd47fc00a2c39e90264f33305004495a9","hash":"7db09fad0493ca4758a50e3fd241d47a5ac96e9f"}
,"C:\\Users\\phamt\\Documents\\bando\\src\\routes\\favorite.routes.js": {"path":"C:\\Users\\phamt\\Documents\\bando\\src\\routes\\favorite.routes.js","statementMap":{"0":{"start":{"line":1,"column":16},"end":{"line":1,"column":34}},"1":{"start":{"line":2,"column":15},"end":{"line":2,"column":31}},"2":{"start":{"line":3,"column":27},"end":{"line":3,"column":72}},"3":{"start":{"line":4,"column":13},"end":{"line":4,"column":42}},"4":{"start":{"line":6,"column":0},"end":{"line":6,"column":58}},"5":{"start":{"line":7,"column":0},"end":{"line":7,"column":63}},"6":{"start":{"line":8,"column":0},"end":{"line":8,"column":47}},"7":{"start":{"line":10,"column":0},"end":{"line":10,"column":24}}},"fnMap":{},"branchMap":{},"s":{"0":1,"1":1,"2":1,"3":1,"4":1,"5":1,"6":1,"7":1},"f":{},"b":{},"_coverageSchema":"1a1c01bbd47fc00a2c39e90264f33305004495a9","hash":"8f953525216e047bfa254fd26c999d2201d96d6d"}
,"C:\\Users\\phamt\\Documents\\bando\\src\\routes\\property.routes.js": {"path":"C:\\Users\\phamt\\Documents\\bando\\src\\routes\\property.routes.js","statementMap":{"0":{"start":{"line":1,"column":16},"end":{"line":1,"column":34}},"1":{"start":{"line":2,"column":15},"end":{"line":2,"column":31}},"2":{"start":{"line":3,"column":27},"end":{"line":3,"column":72}},"3":{"start":{"line":4,"column":13},"end":{"line":4,"column":42}},"4":{"start":{"line":5,"column":13},"end":{"line":5,"column":42}},"5":{"start":{"line":8,"column":0},"end":{"line":8,"column":50}},"6":{"start":{"line":9,"column":0},"end":{"line":9,"column":49}},"7":{"start":{"line":10,"column":0},"end":{"line":10,"column":47}},"8":{"start":{"line":13,"column":0},"end":{"line":13,"column":50}},"9":{"start":{"line":14,"column":0},"end":{"line":14,"column":60}},"10":{"start":{"line":15,"column":0},"end":{"line":15,"column":52}},"11":{"start":{"line":16,"column":0},"end":{"line":16,"column":55}},"12":{"start":{"line":19,"column":0},"end":{"line":19,"column":94}},"13":{"start":{"line":20,"column":0},"end":{"line":20,"column":78}},"14":{"start":{"line":21,"column":0},"end":{"line":21,"column":76}},"15":{"start":{"line":23,"column":0},"end":{"line":23,"column":24}}},"fnMap":{},"branchMap":{},"s":{"0":1,"1":1,"2":1,"3":1,"4":1,"5":1,"6":1,"7":1,"8":1,"9":1,"10":1,"11":1,"12":1,"13":1,"14":1,"15":1},"f":{},"b":{},"_coverageSchema":"1a1c01bbd47fc00a2c39e90264f33305004495a9","hash":"902d1df8f337faa6a5ea7ba86659dd95198c33f3"}
,"C:\\Users\\phamt\\Documents\\bando\\src\\routes\\user.routes.js": {"path":"C:\\Users\\phamt\\Documents\\bando\\src\\routes\\user.routes.js","statementMap":{"0":{"start":{"line":1,"column":16},"end":{"line":1,"column":34}},"1":{"start":{"line":2,"column":15},"end":{"line":2,"column":31}},"2":{"start":{"line":3,"column":23},"end":{"line":3,"column":64}},"3":{"start":{"line":4,"column":13},"end":{"line":4,"column":42}},"4":{"start":{"line":6,"column":0},"end":{"line":6,"column":43}},"5":{"start":{"line":8,"column":0},"end":{"line":8,"column":24}}},"fnMap":{},"branchMap":{},"s":{"0":1,"1":1,"2":1,"3":1,"4":1,"5":1},"f":{},"b":{},"_coverageSchema":"1a1c01bbd47fc00a2c39e90264f33305004495a9","hash":"c7432f18b4454ba040f38433632410f75b590f78"}
,"C:\\Users\\phamt\\Documents\\bando\\src\\services\\auth.service.js": {"path":"C:\\Users\\phamt\\Documents\\bando\\src\\services\\auth.service.js","statementMap":{"0":{"start":{"line":1,"column":15},"end":{"line":1,"column":42}},"1":{"start":{"line":2,"column":15},"end":{"line":2,"column":34}},"2":{"start":{"line":3,"column":12},"end":{"line":3,"column":35}},"3":{"start":{"line":4,"column":30},"end":{"line":4,"column":54}},"4":{"start":{"line":6,"column":0},"end":{"line":11,"column":2}},"5":{"start":{"line":7,"column":25},"end":{"line":7,"column":56}},"6":{"start":{"line":8,"column":2},"end":{"line":10,"column":5}},"7":{"start":{"line":13,"column":0},"end":{"line":20,"column":2}},"8":{"start":{"line":14,"column":15},"end":{"line":14,"column":65}},"9":{"start":{"line":15,"column":2},"end":{"line":17,"column":3}},"10":{"start":{"line":16,"column":4},"end":{"line":16,"column":43}},"11":{"start":{"line":18,"column":16},"end":{"line":18,"column":81}},"12":{"start":{"line":19,"column":2},"end":{"line":19,"column":25}}},"fnMap":{"0":{"name":"(anonymous_0)","decl":{"start":{"line":6,"column":19},"end":{"line":6,"column":20}},"loc":{"start":{"line":6,"column":46},"end":{"line":11,"column":1}},"line":6},"1":{"name":"(anonymous_1)","decl":{"start":{"line":13,"column":16},"end":{"line":13,"column":17}},"loc":{"start":{"line":13,"column":43},"end":{"line":20,"column":1}},"line":13}},"branchMap":{"0":{"loc":{"start":{"line":15,"column":2},"end":{"line":17,"column":3}},"type":"if","locations":[{"start":{"line":15,"column":2},"end":{"line":17,"column":3}},{"start":{},"end":{}}],"line":15},"1":{"loc":{"start":{"line":15,"column":6},"end":{"line":15,"column":63}},"type":"binary-expr","locations":[{"start":{"line":15,"column":6},"end":{"line":15,"column":11}},{"start":{"line":15,"column":15},"end":{"line":15,"column":63}}],"line":15}},"s":{"0":2,"1":2,"2":2,"3":2,"4":2,"5":2,"6":2,"7":2,"8":2,"9":2,"10":1,"11":1,"12":1},"f":{"0":2,"1":2},"b":{"0":[1,1],"1":[2,1]},"_coverageSchema":"1a1c01bbd47fc00a2c39e90264f33305004495a9","hash":"faf2616dba0498be078c8f460ccfdd846d9d7c65"}
,"C:\\Users\\phamt\\Documents\\bando\\src\\services\\favorite.service.js": {"path":"C:\\Users\\phamt\\Documents\\bando\\src\\services\\favorite.service.js","statementMap":{"0":{"start":{"line":1,"column":15},"end":{"line":1,"column":42}},"1":{"start":{"line":3,"column":0},"end":{"line":7,"column":2}},"2":{"start":{"line":4,"column":2},"end":{"line":6,"column":5}},"3":{"start":{"line":9,"column":0},"end":{"line":15,"column":2}},"4":{"start":{"line":10,"column":2},"end":{"line":14,"column":5}},"5":{"start":{"line":17,"column":0},"end":{"line":22,"column":2}},"6":{"start":{"line":18,"column":2},"end":{"line":21,"column":5}}},"fnMap":{"0":{"name":"(anonymous_0)","decl":{"start":{"line":3,"column":14},"end":{"line":3,"column":15}},"loc":{"start":{"line":3,"column":44},"end":{"line":7,"column":1}},"line":3},"1":{"name":"(anonymous_1)","decl":{"start":{"line":9,"column":17},"end":{"line":9,"column":18}},"loc":{"start":{"line":9,"column":47},"end":{"line":15,"column":1}},"line":9},"2":{"name":"(anonymous_2)","decl":{"start":{"line":17,"column":15},"end":{"line":17,"column":16}},"loc":{"start":{"line":17,"column":33},"end":{"line":22,"column":1}},"line":17}},"branchMap":{},"s":{"0":1,"1":1,"2":1,"3":1,"4":0,"5":1,"6":1},"f":{"0":1,"1":0,"2":1},"b":{},"_coverageSchema":"1a1c01bbd47fc00a2c39e90264f33305004495a9","hash":"d6ae459dc48bea31e9654e5ee27e7e41ffa94897"}
,"C:\\Users\\phamt\\Documents\\bando\\src\\services\\property.service.js": {"path":"C:\\Users\\phamt\\Documents\\bando\\src\\services\\property.service.js","statementMap":{"0":{"start":{"line":1,"column":15},"end":{"line":1,"column":42}},"1":{"start":{"line":3,"column":0},"end":{"line":21,"column":2}},"2":{"start":{"line":4,"column":82},"end":{"line":4,"column":86}},"3":{"start":{"line":5,"column":17},"end":{"line":5,"column":62}},"4":{"start":{"line":7,"column":19},"end":{"line":12,"column":4}},"5":{"start":{"line":14,"column":2},"end":{"line":18,"column":4}},"6":{"start":{"line":20,"column":2},"end":{"line":20,"column":18}},"7":{"start":{"line":23,"column":0},"end":{"line":31,"column":2}},"8":{"start":{"line":24,"column":14},"end":{"line":24,"column":24}},"9":{"start":{"line":25,"column":2},"end":{"line":30,"column":4}},"10":{"start":{"line":33,"column":0},"end":{"line":40,"column":2}},"11":{"start":{"line":34,"column":2},"end":{"line":39,"column":4}},"12":{"start":{"line":42,"column":0},"end":{"line":48,"column":2}},"13":{"start":{"line":43,"column":2},"end":{"line":47,"column":4}},"14":{"start":{"line":50,"column":0},"end":{"line":58,"column":2}},"15":{"start":{"line":51,"column":21},"end":{"line":56,"column":3}},"16":{"start":{"line":57,"column":2},"end":{"line":57,"column":23}},"17":{"start":{"line":60,"column":0},"end":{"line":83,"column":2}},"18":{"start":{"line":61,"column":19},"end":{"line":61,"column":70}},"19":{"start":{"line":62,"column":2},"end":{"line":62,"column":46}},"20":{"start":{"line":62,"column":17},"end":{"line":62,"column":46}},"21":{"start":{"line":63,"column":2},"end":{"line":63,"column":90}},"22":{"start":{"line":63,"column":58},"end":{"line":63,"column":90}},"23":{"start":{"line":65,"column":82},"end":{"line":65,"column":86}},"24":{"start":{"line":67,"column":2},"end":{"line":73,"column":5}},"25":{"start":{"line":75,"column":2},"end":{"line":81,"column":3}},"26":{"start":{"line":76,"column":4},"end":{"line":80,"column":6}},"27":{"start":{"line":82,"column":2},"end":{"line":82,"column":41}},"28":{"start":{"line":85,"column":0},"end":{"line":91,"column":2}},"29":{"start":{"line":86,"column":19},"end":{"line":86,"column":70}},"30":{"start":{"line":87,"column":2},"end":{"line":87,"column":46}},"31":{"start":{"line":87,"column":17},"end":{"line":87,"column":46}},"32":{"start":{"line":88,"column":2},"end":{"line":88,"column":90}},"33":{"start":{"line":88,"column":58},"end":{"line":88,"column":90}},"34":{"start":{"line":90,"column":2},"end":{"line":90,"column":57}},"35":{"start":{"line":93,"column":0},"end":{"line":98,"column":2}},"36":{"start":{"line":94,"column":2},"end":{"line":97,"column":5}},"37":{"start":{"line":100,"column":0},"end":{"line":105,"column":2}},"38":{"start":{"line":101,"column":2},"end":{"line":104,"column":5}},"39":{"start":{"line":107,"column":0},"end":{"line":116,"column":2}},"40":{"start":{"line":108,"column":14},"end":{"line":108,"column":24}},"41":{"start":{"line":109,"column":2},"end":{"line":115,"column":4}}},"fnMap":{"0":{"name":"(anonymous_0)","decl":{"start":{"line":3,"column":17},"end":{"line":3,"column":18}},"loc":{"start":{"line":3,"column":51},"end":{"line":21,"column":1}},"line":3},"1":{"name":"(anonymous_1)","decl":{"start":{"line":23,"column":24},"end":{"line":23,"column":25}},"loc":{"start":{"line":23,"column":36},"end":{"line":31,"column":1}},"line":23},"2":{"name":"(anonymous_2)","decl":{"start":{"line":33,"column":20},"end":{"line":33,"column":21}},"loc":{"start":{"line":33,"column":38},"end":{"line":40,"column":1}},"line":33},"3":{"name":"(anonymous_3)","decl":{"start":{"line":42,"column":22},"end":{"line":42,"column":23}},"loc":{"start":{"line":42,"column":34},"end":{"line":48,"column":1}},"line":42},"4":{"name":"(anonymous_4)","decl":{"start":{"line":50,"column":18},"end":{"line":50,"column":19}},"loc":{"start":{"line":50,"column":32},"end":{"line":58,"column":1}},"line":50},"5":{"name":"(anonymous_5)","decl":{"start":{"line":60,"column":17},"end":{"line":60,"column":18}},"loc":{"start":{"line":60,"column":55},"end":{"line":83,"column":1}},"line":60},"6":{"name":"(anonymous_6)","decl":{"start":{"line":85,"column":17},"end":{"line":85,"column":18}},"loc":{"start":{"line":85,"column":49},"end":{"line":91,"column":1}},"line":85},"7":{"name":"(anonymous_7)","decl":{"start":{"line":93,"column":18},"end":{"line":93,"column":19}},"loc":{"start":{"line":93,"column":32},"end":{"line":98,"column":1}},"line":93},"8":{"name":"(anonymous_8)","decl":{"start":{"line":100,"column":17},"end":{"line":100,"column":18}},"loc":{"start":{"line":100,"column":45},"end":{"line":105,"column":1}},"line":100},"9":{"name":"(anonymous_9)","decl":{"start":{"line":107,"column":17},"end":{"line":107,"column":18}},"loc":{"start":{"line":107,"column":52},"end":{"line":116,"column":1}},"line":107}},"branchMap":{"0":{"loc":{"start":{"line":5,"column":17},"end":{"line":5,"column":62}},"type":"cond-expr","locations":[{"start":{"line":5,"column":40},"end":{"line":5,"column":50}},{"start":{"line":5,"column":53},"end":{"line":5,"column":62}}],"line":5},"1":{"loc":{"start":{"line":10,"column":17},"end":{"line":10,"column":55}},"type":"cond-expr","locations":[{"start":{"line":10,"column":29},"end":{"line":10,"column":48}},{"start":{"line":10,"column":51},"end":{"line":10,"column":55}}],"line":10},"2":{"loc":{"start":{"line":62,"column":2},"end":{"line":62,"column":46}},"type":"if","locations":[{"start":{"line":62,"column":2},"end":{"line":62,"column":46}},{"start":{},"end":{}}],"line":62},"3":{"loc":{"start":{"line":63,"column":2},"end":{"line":63,"column":90}},"type":"if","locations":[{"start":{"line":63,"column":2},"end":{"line":63,"column":90}},{"start":{},"end":{}}],"line":63},"4":{"loc":{"start":{"line":63,"column":6},"end":{"line":63,"column":56}},"type":"binary-expr","locations":[{"start":{"line":63,"column":6},"end":{"line":63,"column":26}},{"start":{"line":63,"column":30},"end":{"line":63,"column":56}}],"line":63},"5":{"loc":{"start":{"line":71,"column":17},"end":{"line":71,"column":55}},"type":"cond-expr","locations":[{"start":{"line":71,"column":29},"end":{"line":71,"column":48}},{"start":{"line":71,"column":51},"end":{"line":71,"column":55}}],"line":71},"6":{"loc":{"start":{"line":75,"column":2},"end":{"line":81,"column":3}},"type":"if","locations":[{"start":{"line":75,"column":2},"end":{"line":81,"column":3}},{"start":{},"end":{}}],"line":75},"7":{"loc":{"start":{"line":75,"column":6},"end":{"line":75,"column":16}},"type":"binary-expr","locations":[{"start":{"line":75,"column":6},"end":{"line":75,"column":9}},{"start":{"line":75,"column":13},"end":{"line":75,"column":16}}],"line":75},"8":{"loc":{"start":{"line":87,"column":2},"end":{"line":87,"column":46}},"type":"if","locations":[{"start":{"line":87,"column":2},"end":{"line":87,"column":46}},{"start":{},"end":{}}],"line":87},"9":{"loc":{"start":{"line":88,"column":2},"end":{"line":88,"column":90}},"type":"if","locations":[{"start":{"line":88,"column":2},"end":{"line":88,"column":90}},{"start":{},"end":{}}],"line":88},"10":{"loc":{"start":{"line":88,"column":6},"end":{"line":88,"column":56}},"type":"binary-expr","locations":[{"start":{"line":88,"column":6},"end":{"line":88,"column":26}},{"start":{"line":88,"column":30},"end":{"line":88,"column":56}}],"line":88},"11":{"loc":{"start":{"line":107,"column":34},"end":{"line":107,"column":47}},"type":"default-arg","locations":[{"start":{"line":107,"column":43},"end":{"line":107,"column":47}}],"line":107}},"s":{"0":2,"1":2,"2":3,"3":3,"4":3,"5":3,"6":3,"7":2,"8":1,"9":1,"10":2,"11":0,"12":2,"13":0,"14":2,"15":0,"16":0,"17":2,"18":3,"19":3,"20":0,"21":3,"22":1,"23":2,"24":2,"25":2,"26":0,"27":2,"28":2,"29":0,"30":0,"31":0,"32":0,"33":0,"34":0,"35":2,"36":1,"37":2,"38":0,"39":2,"40":1,"41":1},"f":{"0":3,"1":1,"2":0,"3":0,"4":0,"5":3,"6":0,"7":1,"8":0,"9":1},"b":{"0":[1,2],"1":[0,3],"2":[0,3],"3":[1,2],"4":[3,2],"5":[0,2],"6":[0,2],"7":[2,0],"8":[0,0],"9":[0,0],"10":[0,0],"11":[1]},"_coverageSchema":"1a1c01bbd47fc00a2c39e90264f33305004495a9","hash":"32edcb2b7b809ed5fe521b890af795e1817bee5a"}
,"C:\\Users\\phamt\\Documents\\bando\\src\\services\\user.service.js": {"path":"C:\\Users\\phamt\\Documents\\bando\\src\\services\\user.service.js","statementMap":{"0":{"start":{"line":1,"column":15},"end":{"line":1,"column":42}},"1":{"start":{"line":3,"column":0},"end":{"line":8,"column":2}},"2":{"start":{"line":4,"column":2},"end":{"line":7,"column":5}}},"fnMap":{"0":{"name":"(anonymous_0)","decl":{"start":{"line":3,"column":21},"end":{"line":3,"column":22}},"loc":{"start":{"line":3,"column":35},"end":{"line":8,"column":1}},"line":3}},"branchMap":{},"s":{"0":1,"1":1,"2":0},"f":{"0":0},"b":{},"_coverageSchema":"1a1c01bbd47fc00a2c39e90264f33305004495a9","hash":"47f7b273e5c755609a049829a1073312c6a2060b"}
}
